C:\Program Files (x86)\Microsoft Visual Studio\2017\Community\Common7\IDE\VC\VCTargets\Microsoft.CppBuild.targets(387,5): warning MSB8028: The intermediate directory (Release\) contains files shared from another project (CSE168 project 1.vcxproj).  This can lead to incorrect clean and rebuild behavior.
  Bitmap.cpp
  BoxTreeNode.cpp
c:\users\cody\documents\repo\rendererproject\renderer\hw1-windows\Ray.h(17): warning C4244: '=': conversion from 'double' to 'float', possible loss of data
BoxTreeNode.cpp(51): warning C4244: '=': conversion from 'double' to 'float', possible loss of data
BoxTreeNode.cpp(52): warning C4244: '=': conversion from 'double' to 'float', possible loss of data
BoxTreeNode.cpp(53): warning C4244: '=': conversion from 'double' to 'float', possible loss of data
BoxTreeNode.cpp(54): warning C4244: '=': conversion from 'double' to 'float', possible loss of data
BoxTreeNode.cpp(55): warning C4244: '=': conversion from 'double' to 'float', possible loss of data
BoxTreeNode.cpp(56): warning C4244: '=': conversion from 'double' to 'float', possible loss of data
  BoxTreeObject.cpp
c:\users\cody\documents\repo\rendererproject\renderer\hw1-windows\Ray.h(17): warning C4244: '=': conversion from 'double' to 'float', possible loss of data
  Camera.cpp
c:\users\cody\documents\repo\rendererproject\renderer\hw1-windows\Ray.h(17): warning C4244: '=': conversion from 'double' to 'float', possible loss of data
Camera.cpp(29): warning C4244: '=': conversion from 'double' to 'float', possible loss of data
Camera.cpp(93): warning C4244: '=': conversion from 'double' to 'float', possible loss of data
Camera.cpp(94): warning C4244: '=': conversion from 'double' to 'float', possible loss of data
Camera.cpp(100): warning C4244: '=': conversion from 'double' to 'float', possible loss of data
Camera.cpp(104): warning C4244: '=': conversion from 'double' to 'float', possible loss of data
Camera.cpp(108): warning C4244: '=': conversion from 'double' to 'float', possible loss of data
Camera.cpp(112): warning C4244: '=': conversion from 'double' to 'float', possible loss of data
Camera.cpp(133): warning C4244: 'initializing': conversion from 'double' to 'float', possible loss of data
Camera.cpp(134): warning C4244: 'initializing': conversion from 'double' to 'float', possible loss of data
Camera.cpp(171): warning C4244: 'initializing': conversion from 'double' to 'float', possible loss of data
Camera.cpp(172): warning C4244: 'initializing': conversion from 'double' to 'float', possible loss of data
  Color.cpp
  DirectLight.cpp
  InstanceObject.cpp
c:\users\cody\documents\repo\rendererproject\renderer\hw1-windows\Ray.h(17): warning C4244: '=': conversion from 'double' to 'float', possible loss of data
  Main.cpp
c:\users\cody\documents\repo\rendererproject\renderer\hw1-windows\Ray.h(17): warning C4244: '=': conversion from 'double' to 'float', possible loss of data
c:\users\cody\documents\repo\rendererproject\renderer\hw1-windows\AshikhminMaterial.h(33): warning C4244: 'initializing': conversion from 'double' to 'float', possible loss of data
c:\users\cody\documents\repo\rendererproject\renderer\hw1-windows\AshikhminMaterial.h(36): warning C4244: 'initializing': conversion from 'double' to 'float', possible loss of data
c:\users\cody\documents\repo\rendererproject\renderer\hw1-windows\AshikhminMaterial.h(81): warning C4244: 'argument': conversion from 'double' to 'float', possible loss of data
c:\users\cody\documents\repo\rendererproject\renderer\hw1-windows\AshikhminMaterial.h(82): warning C4244: 'initializing': conversion from 'double' to 'float', possible loss of data
c:\users\cody\documents\repo\rendererproject\renderer\hw1-windows\AshikhminMaterial.h(83): warning C4244: 'initializing': conversion from 'double' to 'float', possible loss of data
c:\users\cody\documents\repo\rendererproject\renderer\hw1-windows\AshikhminMaterial.h(100): warning C4244: '=': conversion from 'double' to 'float', possible loss of data
c:\users\cody\documents\repo\rendererproject\renderer\hw1-windows\AshikhminMaterial.h(101): warning C4244: '=': conversion from 'double' to 'float', possible loss of data
c:\users\cody\documents\repo\rendererproject\renderer\hw1-windows\AshikhminMaterial.h(104): warning C4244: '=': conversion from 'double' to 'float', possible loss of data
c:\users\cody\documents\repo\rendererproject\renderer\hw1-windows\AshikhminMaterial.h(105): warning C4244: '=': conversion from 'double' to 'float', possible loss of data
c:\users\cody\documents\repo\rendererproject\renderer\hw1-windows\AshikhminMaterial.h(108): warning C4244: '=': conversion from 'double' to 'float', possible loss of data
c:\users\cody\documents\repo\rendererproject\renderer\hw1-windows\AshikhminMaterial.h(109): warning C4244: '=': conversion from 'double' to 'float', possible loss of data
c:\users\cody\documents\repo\rendererproject\renderer\hw1-windows\AshikhminMaterial.h(112): warning C4244: '=': conversion from 'double' to 'float', possible loss of data
c:\users\cody\documents\repo\rendererproject\renderer\hw1-windows\AshikhminMaterial.h(113): warning C4244: '=': conversion from 'double' to 'float', possible loss of data
  MeshObject.cpp
c:\users\cody\documents\repo\rendererproject\renderer\hw1-windows\Ray.h(17): warning C4244: '=': conversion from 'double' to 'float', possible loss of data
  MovingObject.cpp
c:\users\cody\documents\repo\rendererproject\renderer\hw1-windows\Ray.h(17): warning C4244: '=': conversion from 'double' to 'float', possible loss of data
  Plane.cpp
c:\users\cody\documents\repo\rendererproject\renderer\hw1-windows\Ray.h(17): warning C4244: '=': conversion from 'double' to 'float', possible loss of data
  PointLight.cpp
  RayTrace.cpp
c:\users\cody\documents\repo\rendererproject\renderer\hw1-windows\Ray.h(17): warning C4244: '=': conversion from 'double' to 'float', possible loss of data
  Sphere.cpp
c:\users\cody\documents\repo\rendererproject\renderer\hw1-windows\Ray.h(17): warning C4244: '=': conversion from 'double' to 'float', possible loss of data
  Triangle.cpp
c:\users\cody\documents\repo\rendererproject\renderer\hw1-windows\Ray.h(17): warning C4244: '=': conversion from 'double' to 'float', possible loss of data
  Generating code
c:\users\cody\documents\repo\rendererproject\renderer\hw1-windows\triangle.cpp(47): warning C4715: 'Triangle::GetVtx': not all control paths return a value
c:\users\cody\documents\repo\rendererproject\renderer\hw1-windows\triangle.cpp(43): warning C4715: 'Triangle::Intersect': not all control paths return a value
  2930 of 2952 functions (99.3%) were compiled, the rest were copied from previous compilation.
    1499 functions were new in current compilation
    4 functions had inline decision re-evaluated but remain unchanged
  Finished generating code
  hw1-windows.vcxproj -> C:\Users\Cody\Documents\repo\RendererProject\Renderer\Release\hw1-windows.exe
  hw1-windows.vcxproj -> C:\Users\Cody\Documents\repo\RendererProject\Renderer\Release\hw1-windows.pdb (Full PDB)
