c:\users\cody\desktop\cse168 project 1\hw1-windows\release\vc140.pdb
c:\users\cody\desktop\cse168 project 1\hw1-windows\release\triangle.obj
c:\users\cody\desktop\cse168 project 1\hw1-windows\release\sphere.obj
c:\users\cody\desktop\cse168 project 1\hw1-windows\release\raytrace.obj
c:\users\cody\desktop\cse168 project 1\hw1-windows\release\pointlight.obj
c:\users\cody\desktop\cse168 project 1\hw1-windows\release\plane.obj
c:\users\cody\desktop\cse168 project 1\hw1-windows\release\meshobject.obj
c:\users\cody\desktop\cse168 project 1\hw1-windows\release\main.obj
c:\users\cody\desktop\cse168 project 1\hw1-windows\release\instanceobject.obj
c:\users\cody\desktop\cse168 project 1\hw1-windows\release\directlight.obj
c:\users\cody\desktop\cse168 project 1\hw1-windows\release\color.obj
c:\users\cody\desktop\cse168 project 1\hw1-windows\release\camera.obj
c:\users\cody\desktop\cse168 project 1\hw1-windows\release\boxtreeobject.obj
c:\users\cody\desktop\cse168 project 1\hw1-windows\release\boxtreenode.obj
c:\users\cody\desktop\cse168 project 1\hw1-windows\release\bitmap.obj
c:\users\cody\desktop\cse168 project 1\release\hw1-windows.exe
c:\users\cody\desktop\cse168 project 1\release\hw1-windows.ipdb
c:\users\cody\desktop\cse168 project 1\release\hw1-windows.iobj
c:\users\cody\desktop\cse168 project 1\release\hw1-windows.pdb
c:\users\cody\desktop\cse168 project 1\hw1-windows\release\hw1-windows.tlog\cl.command.1.tlog
c:\users\cody\desktop\cse168 project 1\hw1-windows\release\hw1-windows.tlog\cl.read.1.tlog
c:\users\cody\desktop\cse168 project 1\hw1-windows\release\hw1-windows.tlog\cl.write.1.tlog
c:\users\cody\desktop\cse168 project 1\hw1-windows\release\hw1-windows.tlog\link.command.1.tlog
c:\users\cody\desktop\cse168 project 1\hw1-windows\release\hw1-windows.tlog\link.read.1.tlog
c:\users\cody\desktop\cse168 project 1\hw1-windows\release\hw1-windows.tlog\link.write.1.tlog
